<?xml version="1.0" encoding="UTF-8"?>
<!-- Generated by org.testng.reporters.JUnitReportReporter -->
<testsuite hostname="CISM-I-420" name="AppiumFirstProject.Appium.com.AndroidSetup" tests="1" failures="0" timestamp="23 Oct 2019 13:23:06 GMT" time="21.082" errors="0">
  <testcase name="testLoginPage" time="21.082" classname="AppiumFirstProject.Appium.com.AndroidSetup"/>
</testsuite>
